<?xml version="1.0" encoding="UTF-8"?>
<!-- Generated by org.testng.reporters.JUnitReportReporter -->
<testsuite skipped="0" hostname="Friend" name="Seleniumacademy.AppTest" tests="1" failures="0" timestamp="2020-02-05T21:52:24 IST" time="0.012" errors="0">
  <testcase name="testApp" time="0.012" classname="Seleniumacademy.AppTest"/>
  <system-out/>
</testsuite> <!-- Seleniumacademy.AppTest -->
