<?xml version="1.0" encoding="UTF-8"?>
<!-- Generated by org.testng.reporters.JUnitReportReporter -->
<testsuite skipped="0" hostname="Friend" name="Seleniumacademy.SeleniumTest" tests="1" failures="0" timestamp="2020-02-05T21:54:53 IST" time="0.000" errors="0">
  <testcase name="Seleniumtest" time="0.000" classname="Seleniumacademy.SeleniumTest"/>
  <system-out/>
</testsuite> <!-- Seleniumacademy.SeleniumTest -->
