<?xml version="1.0" encoding="UTF-8"?>
<!-- Generated by org.testng.reporters.JUnitReportReporter -->
<testsuite skipped="0" hostname="Friend" name="Seleniumacademy.AppiumTest" tests="1" failures="0" timestamp="2020-02-05T21:53:59 IST" time="0.000" errors="0">
  <testcase name="Appiumtest" time="0.000" classname="Seleniumacademy.AppiumTest"/>
  <system-out/>
</testsuite> <!-- Seleniumacademy.AppiumTest -->
